{"/home/leonid/nestjs/src/app.module.ts": {"path":"/home/leonid/nestjs/src/app.module.ts","statementMap":{"0":{"start":{"line":1,"column":0},"end":{"line":1,"column":40}},"1":{"start":{"line":2,"column":0},"end":{"line":2,"column":48}},"2":{"start":{"line":3,"column":0},"end":{"line":3,"column":53}},"3":{"start":{"line":4,"column":0},"end":{"line":4,"column":48}},"4":{"start":{"line":5,"column":0},"end":{"line":5,"column":66}},"5":{"start":{"line":6,"column":0},"end":{"line":6,"column":28}},"6":{"start":{"line":7,"column":0},"end":{"line":7,"column":60}},"7":{"start":{"line":8,"column":0},"end":{"line":8,"column":58}},"8":{"start":{"line":23,"column":7},"end":{"line":23,"column":null}},"9":{"start":{"line":23,"column":13},"end":{"line":23,"column":22}},"10":{"start":{"line":23,"column":13},"end":{"line":23,"column":null}}},"fnMap":{},"branchMap":{},"s":{"0":0,"1":0,"2":0,"3":0,"4":0,"5":0,"6":0,"7":0,"8":0,"9":0,"10":0},"f":{},"b":{}}
,"/home/leonid/nestjs/src/main.ts": {"path":"/home/leonid/nestjs/src/main.ts","statementMap":{"0":{"start":{"line":1,"column":0},"end":{"line":1,"column":43}},"1":{"start":{"line":2,"column":0},"end":{"line":2,"column":41}},"2":{"start":{"line":5,"column":14},"end":{"line":5,"column":49}},"3":{"start":{"line":6,"column":2},"end":{"line":6,"column":45}},"4":{"start":{"line":9,"column":0},"end":{"line":9,"column":12}}},"fnMap":{"0":{"name":"bootstrap","decl":{"start":{"line":4,"column":15},"end":{"line":4,"column":24}},"loc":{"start":{"line":4,"column":24},"end":{"line":7,"column":1}}}},"branchMap":{"0":{"loc":{"start":{"line":6,"column":19},"end":{"line":6,"column":43}},"type":"binary-expr","locations":[{"start":{"line":6,"column":19},"end":{"line":6,"column":35}},{"start":{"line":6,"column":39},"end":{"line":6,"column":43}}]}},"s":{"0":0,"1":0,"2":0,"3":0,"4":0},"f":{"0":0},"b":{"0":[0,0]}}
,"/home/leonid/nestjs/src/category/category-module.ts": {"path":"/home/leonid/nestjs/src/category/category-module.ts","statementMap":{"0":{"start":{"line":1,"column":0},"end":{"line":1,"column":40}},"1":{"start":{"line":2,"column":0},"end":{"line":2,"column":48}},"2":{"start":{"line":3,"column":0},"end":{"line":3,"column":46}},"3":{"start":{"line":4,"column":0},"end":{"line":4,"column":53}},"4":{"start":{"line":5,"column":0},"end":{"line":5,"column":55}},"5":{"start":{"line":12,"column":7},"end":{"line":12,"column":null}},"6":{"start":{"line":12,"column":13},"end":{"line":12,"column":27}},"7":{"start":{"line":12,"column":13},"end":{"line":12,"column":null}}},"fnMap":{},"branchMap":{},"s":{"0":0,"1":0,"2":0,"3":0,"4":0,"5":0,"6":0,"7":0},"f":{},"b":{}}
,"/home/leonid/nestjs/src/category/category-resolver.ts": {"path":"/home/leonid/nestjs/src/category/category-resolver.ts","statementMap":{"0":{"start":{"line":1,"column":0},"end":{"line":1,"column":66}},"1":{"start":{"line":3,"column":0},"end":{"line":3,"column":46}},"2":{"start":{"line":4,"column":0},"end":{"line":4,"column":53}},"3":{"start":{"line":5,"column":0},"end":{"line":5,"column":62}},"4":{"start":{"line":9,"column":7},"end":{"line":28,"column":null}},"5":{"start":{"line":10,"column":31},"end":{"line":10,"column":48}},"6":{"start":{"line":14,"column":4},"end":{"line":14,"column":48}},"7":{"start":{"line":19,"column":4},"end":{"line":19,"column":52}},"8":{"start":{"line":26,"column":4},"end":{"line":26,"column":57}},"9":{"start":{"line":9,"column":13},"end":{"line":9,"column":29}},"10":{"start":{"line":13,"column":8},"end":{"line":15,"column":null}},"11":{"start":{"line":12,"column":15},"end":{"line":12,"column":25}},"12":{"start":{"line":18,"column":8},"end":{"line":20,"column":null}},"13":{"start":{"line":17,"column":15},"end":{"line":17,"column":23}},"14":{"start":{"line":23,"column":8},"end":{"line":27,"column":null}},"15":{"start":{"line":22,"column":18},"end":{"line":22,"column":26}},"16":{"start":{"line":9,"column":13},"end":{"line":28,"column":null}},"17":{"start":{"line":8,"column":16},"end":{"line":8,"column":24}}},"fnMap":{"0":{"name":"(anonymous_4)","decl":{"start":{"line":10,"column":2},"end":{"line":10,"column":31}},"loc":{"start":{"line":10,"column":63},"end":{"line":10,"column":67}}},"1":{"name":"(anonymous_5)","decl":{"start":{"line":13,"column":8},"end":{"line":13,"column":21}},"loc":{"start":{"line":13,"column":21},"end":{"line":15,"column":3}}},"2":{"name":"(anonymous_6)","decl":{"start":{"line":18,"column":8},"end":{"line":18,"column":23}},"loc":{"start":{"line":18,"column":44},"end":{"line":20,"column":3}}},"3":{"name":"(anonymous_7)","decl":{"start":{"line":23,"column":8},"end":{"line":23,"column":22}},"loc":{"start":{"line":24,"column":46},"end":{"line":27,"column":3}}},"4":{"name":"(anonymous_8)","decl":{"start":{"line":12,"column":9},"end":{"line":12,"column":12}},"loc":{"start":{"line":12,"column":15},"end":{"line":12,"column":25}}},"5":{"name":"(anonymous_9)","decl":{"start":{"line":17,"column":9},"end":{"line":17,"column":12}},"loc":{"start":{"line":17,"column":15},"end":{"line":17,"column":23}}},"6":{"name":"(anonymous_10)","decl":{"start":{"line":22,"column":12},"end":{"line":22,"column":15}},"loc":{"start":{"line":22,"column":18},"end":{"line":22,"column":26}}},"7":{"name":"(anonymous_11)","decl":{"start":{"line":8,"column":10},"end":{"line":8,"column":13}},"loc":{"start":{"line":8,"column":16},"end":{"line":8,"column":24}}}},"branchMap":{},"s":{"0":1,"1":1,"2":1,"3":1,"4":1,"5":19,"6":4,"7":4,"8":7,"9":1,"10":1,"11":0,"12":1,"13":0,"14":1,"15":0,"16":1,"17":2},"f":{"0":19,"1":4,"2":4,"3":7,"4":0,"5":0,"6":0,"7":2},"b":{}}
,"/home/leonid/nestjs/src/category/category-service.ts": {"path":"/home/leonid/nestjs/src/category/category-service.ts","statementMap":{"0":{"start":{"line":1,"column":0},"end":{"line":1,"column":44}},"1":{"start":{"line":2,"column":0},"end":{"line":2,"column":51}},"2":{"start":{"line":3,"column":0},"end":{"line":3,"column":37}},"3":{"start":{"line":4,"column":0},"end":{"line":4,"column":46}},"4":{"start":{"line":10,"column":7},"end":{"line":28,"column":null}},"5":{"start":{"line":13,"column":21},"end":{"line":13,"column":41}},"6":{"start":{"line":17,"column":4},"end":{"line":17,"column":42}},"7":{"start":{"line":21,"column":4},"end":{"line":21,"column":62}},"8":{"start":{"line":25,"column":24},"end":{"line":25,"column":64}},"9":{"start":{"line":26,"column":4},"end":{"line":26,"column":53}},"10":{"start":{"line":10,"column":13},"end":{"line":10,"column":28}},"11":{"start":{"line":10,"column":13},"end":{"line":28,"column":null}}},"fnMap":{"0":{"name":"(anonymous_4)","decl":{"start":{"line":11,"column":2},"end":{"line":11,"column":null}},"loc":{"start":{"line":13,"column":61},"end":{"line":14,"column":6}}},"1":{"name":"(anonymous_5)","decl":{"start":{"line":16,"column":2},"end":{"line":16,"column":15}},"loc":{"start":{"line":16,"column":15},"end":{"line":18,"column":3}}},"2":{"name":"(anonymous_6)","decl":{"start":{"line":20,"column":2},"end":{"line":20,"column":17}},"loc":{"start":{"line":20,"column":26},"end":{"line":22,"column":3}}},"3":{"name":"(anonymous_7)","decl":{"start":{"line":24,"column":2},"end":{"line":24,"column":16}},"loc":{"start":{"line":24,"column":44},"end":{"line":27,"column":3}}}},"branchMap":{},"s":{"0":2,"1":2,"2":2,"3":2,"4":2,"5":11,"6":3,"7":3,"8":3,"9":3,"10":2,"11":2},"f":{"0":11,"1":3,"2":3,"3":3},"b":{}}
,"/home/leonid/nestjs/src/category/dto/create-category-dto.ts": {"path":"/home/leonid/nestjs/src/category/dto/create-category-dto.ts","statementMap":{"0":{"start":{"line":1,"column":0},"end":{"line":1,"column":51}},"1":{"start":{"line":2,"column":0},"end":{"line":2,"column":73}},"2":{"start":{"line":6,"column":7},"end":{"line":12,"column":null}},"3":{"start":{"line":6,"column":13},"end":{"line":6,"column":30}},"4":{"start":{"line":10,"column":2},"end":{"line":10,"column":null}},"5":{"start":{"line":6,"column":13},"end":{"line":12,"column":null}}},"fnMap":{},"branchMap":{},"s":{"0":1,"1":1,"2":1,"3":1,"4":1,"5":1},"f":{},"b":{}}
,"/home/leonid/nestjs/src/db/data-source.ts": {"path":"/home/leonid/nestjs/src/db/data-source.ts","statementMap":{"0":{"start":{"line":1,"column":0},"end":{"line":1,"column":26}},"1":{"start":{"line":2,"column":0},"end":{"line":2,"column":56}},"2":{"start":{"line":3,"column":0},"end":{"line":3,"column":44}},"3":{"start":{"line":4,"column":0},"end":{"line":4,"column":46}},"4":{"start":{"line":5,"column":0},"end":{"line":5,"column":99}},"5":{"start":{"line":6,"column":0},"end":{"line":6,"column":99}},"6":{"start":{"line":7,"column":0},"end":{"line":7,"column":28}},"7":{"start":{"line":8,"column":0},"end":{"line":8,"column":16}},"8":{"start":{"line":10,"column":13},"end":{"line":26,"column":2}},"9":{"start":{"line":28,"column":0},"end":{"line":28,"column":49}}},"fnMap":{},"branchMap":{},"s":{"0":0,"1":0,"2":0,"3":0,"4":0,"5":0,"6":0,"7":0,"8":0,"9":0},"f":{},"b":{}}
,"/home/leonid/nestjs/src/entity/Category.ts": {"path":"/home/leonid/nestjs/src/entity/Category.ts","statementMap":{"0":{"start":{"line":2,"column":0},"end":{"line":2,"column":null}},"1":{"start":{"line":10,"column":0},"end":{"line":10,"column":36}},"2":{"start":{"line":11,"column":0},"end":{"line":11,"column":56}},"3":{"start":{"line":15,"column":7},"end":{"line":44,"column":null}},"4":{"start":{"line":15,"column":13},"end":{"line":15,"column":21}},"5":{"start":{"line":18,"column":2},"end":{"line":18,"column":null}},"6":{"start":{"line":16,"column":15},"end":{"line":16,"column":17}},"7":{"start":{"line":25,"column":2},"end":{"line":25,"column":null}},"8":{"start":{"line":32,"column":2},"end":{"line":32,"column":null}},"9":{"start":{"line":30,"column":19},"end":{"line":30,"column":38}},"10":{"start":{"line":40,"column":2},"end":{"line":40,"column":null}},"11":{"start":{"line":38,"column":19},"end":{"line":38,"column":38}},"12":{"start":{"line":43,"column":2},"end":{"line":43,"column":null}},"13":{"start":{"line":42,"column":19},"end":{"line":42,"column":26}},"14":{"start":{"line":42,"column":41},"end":{"line":42,"column":60}},"15":{"start":{"line":15,"column":13},"end":{"line":44,"column":null}}},"fnMap":{"0":{"name":"(anonymous_2)","decl":{"start":{"line":16,"column":9},"end":{"line":16,"column":12}},"loc":{"start":{"line":16,"column":15},"end":{"line":16,"column":17}}},"1":{"name":"(anonymous_3)","decl":{"start":{"line":30,"column":13},"end":{"line":30,"column":16}},"loc":{"start":{"line":30,"column":19},"end":{"line":30,"column":38}}},"2":{"name":"(anonymous_4)","decl":{"start":{"line":38,"column":13},"end":{"line":38,"column":16}},"loc":{"start":{"line":38,"column":19},"end":{"line":38,"column":38}}},"3":{"name":"(anonymous_5)","decl":{"start":{"line":42,"column":13},"end":{"line":42,"column":16}},"loc":{"start":{"line":42,"column":19},"end":{"line":42,"column":26}}},"4":{"name":"(anonymous_6)","decl":{"start":{"line":42,"column":28},"end":{"line":42,"column":29}},"loc":{"start":{"line":42,"column":41},"end":{"line":42,"column":60}}}},"branchMap":{},"s":{"0":4,"1":4,"2":4,"3":4,"4":4,"5":4,"6":0,"7":4,"8":4,"9":0,"10":4,"11":0,"12":4,"13":0,"14":0,"15":4},"f":{"0":0,"1":0,"2":0,"3":0,"4":0},"b":{}}
,"/home/leonid/nestjs/src/entity/Product.ts": {"path":"/home/leonid/nestjs/src/entity/Product.ts","statementMap":{"0":{"start":{"line":2,"column":0},"end":{"line":2,"column":38}},"1":{"start":{"line":3,"column":0},"end":{"line":3,"column":null}},"2":{"start":{"line":12,"column":0},"end":{"line":12,"column":56}},"3":{"start":{"line":16,"column":7},"end":{"line":67,"column":null}},"4":{"start":{"line":16,"column":13},"end":{"line":16,"column":20}},"5":{"start":{"line":19,"column":2},"end":{"line":19,"column":null}},"6":{"start":{"line":17,"column":15},"end":{"line":17,"column":17}},"7":{"start":{"line":26,"column":2},"end":{"line":26,"column":null}},"8":{"start":{"line":33,"column":2},"end":{"line":33,"column":null}},"9":{"start":{"line":39,"column":2},"end":{"line":39,"column":null}},"10":{"start":{"line":47,"column":2},"end":{"line":47,"column":null}},"11":{"start":{"line":45,"column":19},"end":{"line":45,"column":38}},"12":{"start":{"line":55,"column":2},"end":{"line":55,"column":null}},"13":{"start":{"line":53,"column":19},"end":{"line":53,"column":38}},"14":{"start":{"line":59,"column":2},"end":{"line":59,"column":null}},"15":{"start":{"line":57,"column":15},"end":{"line":57,"column":17}},"16":{"start":{"line":66,"column":2},"end":{"line":66,"column":null}},"17":{"start":{"line":61,"column":19},"end":{"line":61,"column":27}},"18":{"start":{"line":61,"column":43},"end":{"line":61,"column":60}},"19":{"start":{"line":16,"column":13},"end":{"line":67,"column":null}}},"fnMap":{"0":{"name":"(anonymous_2)","decl":{"start":{"line":17,"column":9},"end":{"line":17,"column":12}},"loc":{"start":{"line":17,"column":15},"end":{"line":17,"column":17}}},"1":{"name":"(anonymous_3)","decl":{"start":{"line":45,"column":13},"end":{"line":45,"column":16}},"loc":{"start":{"line":45,"column":19},"end":{"line":45,"column":38}}},"2":{"name":"(anonymous_4)","decl":{"start":{"line":53,"column":13},"end":{"line":53,"column":16}},"loc":{"start":{"line":53,"column":19},"end":{"line":53,"column":38}}},"3":{"name":"(anonymous_5)","decl":{"start":{"line":57,"column":9},"end":{"line":57,"column":12}},"loc":{"start":{"line":57,"column":15},"end":{"line":57,"column":17}}},"4":{"name":"(anonymous_6)","decl":{"start":{"line":61,"column":13},"end":{"line":61,"column":16}},"loc":{"start":{"line":61,"column":19},"end":{"line":61,"column":27}}},"5":{"name":"(anonymous_7)","decl":{"start":{"line":61,"column":29},"end":{"line":61,"column":30}},"loc":{"start":{"line":61,"column":43},"end":{"line":61,"column":60}}}},"branchMap":{},"s":{"0":4,"1":4,"2":4,"3":4,"4":4,"5":4,"6":0,"7":4,"8":4,"9":4,"10":4,"11":0,"12":4,"13":0,"14":4,"15":0,"16":4,"17":0,"18":0,"19":4},"f":{"0":0,"1":0,"2":0,"3":0,"4":0,"5":0},"b":{}}
,"/home/leonid/nestjs/src/migration/1755094396184-create-categoryTable.ts": {"path":"/home/leonid/nestjs/src/migration/1755094396184-create-categoryTable.ts","statementMap":{"0":{"start":{"line":5,"column":4},"end":{"line":13,"column":11}},"1":{"start":{"line":17,"column":4},"end":{"line":19,"column":11}},"2":{"start":{"line":3,"column":0},"end":{"line":3,"column":13}}},"fnMap":{"0":{"name":"(anonymous_0)","decl":{"start":{"line":4,"column":9},"end":{"line":4,"column":14}},"loc":{"start":{"line":4,"column":42},"end":{"line":14,"column":3}}},"1":{"name":"(anonymous_1)","decl":{"start":{"line":16,"column":9},"end":{"line":16,"column":14}},"loc":{"start":{"line":16,"column":44},"end":{"line":20,"column":3}}}},"branchMap":{},"s":{"0":0,"1":0,"2":0},"f":{"0":0,"1":0},"b":{}}
,"/home/leonid/nestjs/src/migration/1755094596185-create-productsTable.ts": {"path":"/home/leonid/nestjs/src/migration/1755094596185-create-productsTable.ts","statementMap":{"0":{"start":{"line":5,"column":4},"end":{"line":16,"column":11}},"1":{"start":{"line":18,"column":4},"end":{"line":21,"column":11}},"2":{"start":{"line":25,"column":4},"end":{"line":28,"column":11}},"3":{"start":{"line":30,"column":4},"end":{"line":32,"column":11}},"4":{"start":{"line":3,"column":0},"end":{"line":3,"column":13}}},"fnMap":{"0":{"name":"(anonymous_0)","decl":{"start":{"line":4,"column":9},"end":{"line":4,"column":14}},"loc":{"start":{"line":4,"column":42},"end":{"line":22,"column":3}}},"1":{"name":"(anonymous_1)","decl":{"start":{"line":24,"column":9},"end":{"line":24,"column":14}},"loc":{"start":{"line":24,"column":44},"end":{"line":33,"column":3}}}},"branchMap":{},"s":{"0":0,"1":0,"2":0,"3":0,"4":0},"f":{"0":0,"1":0},"b":{}}
,"/home/leonid/nestjs/src/product/product-module.ts": {"path":"/home/leonid/nestjs/src/product/product-module.ts","statementMap":{"0":{"start":{"line":1,"column":0},"end":{"line":1,"column":40}},"1":{"start":{"line":2,"column":0},"end":{"line":2,"column":48}},"2":{"start":{"line":3,"column":0},"end":{"line":3,"column":44}},"3":{"start":{"line":4,"column":0},"end":{"line":4,"column":54}},"4":{"start":{"line":5,"column":0},"end":{"line":5,"column":52}},"5":{"start":{"line":12,"column":7},"end":{"line":12,"column":null}},"6":{"start":{"line":12,"column":13},"end":{"line":12,"column":27}},"7":{"start":{"line":12,"column":13},"end":{"line":12,"column":null}}},"fnMap":{},"branchMap":{},"s":{"0":0,"1":0,"2":0,"3":0,"4":0,"5":0,"6":0,"7":0},"f":{},"b":{}}
,"/home/leonid/nestjs/src/product/products-resolver.ts": {"path":"/home/leonid/nestjs/src/product/products-resolver.ts","statementMap":{"0":{"start":{"line":1,"column":0},"end":{"line":1,"column":66}},"1":{"start":{"line":2,"column":0},"end":{"line":2,"column":52}},"2":{"start":{"line":3,"column":0},"end":{"line":3,"column":44}},"3":{"start":{"line":5,"column":0},"end":{"line":5,"column":60}},"4":{"start":{"line":9,"column":7},"end":{"line":28,"column":null}},"5":{"start":{"line":10,"column":31},"end":{"line":10,"column":47}},"6":{"start":{"line":14,"column":4},"end":{"line":14,"column":45}},"7":{"start":{"line":19,"column":4},"end":{"line":19,"column":50}},"8":{"start":{"line":26,"column":4},"end":{"line":26,"column":54}},"9":{"start":{"line":9,"column":13},"end":{"line":9,"column":28}},"10":{"start":{"line":13,"column":8},"end":{"line":15,"column":null}},"11":{"start":{"line":12,"column":15},"end":{"line":12,"column":24}},"12":{"start":{"line":18,"column":8},"end":{"line":20,"column":null}},"13":{"start":{"line":17,"column":15},"end":{"line":17,"column":22}},"14":{"start":{"line":23,"column":8},"end":{"line":27,"column":null}},"15":{"start":{"line":22,"column":18},"end":{"line":22,"column":25}},"16":{"start":{"line":9,"column":13},"end":{"line":28,"column":null}},"17":{"start":{"line":8,"column":16},"end":{"line":8,"column":23}}},"fnMap":{"0":{"name":"(anonymous_4)","decl":{"start":{"line":10,"column":2},"end":{"line":10,"column":31}},"loc":{"start":{"line":10,"column":61},"end":{"line":10,"column":65}}},"1":{"name":"(anonymous_5)","decl":{"start":{"line":13,"column":8},"end":{"line":13,"column":19}},"loc":{"start":{"line":13,"column":19},"end":{"line":15,"column":3}}},"2":{"name":"(anonymous_6)","decl":{"start":{"line":18,"column":8},"end":{"line":18,"column":22}},"loc":{"start":{"line":18,"column":43},"end":{"line":20,"column":3}}},"3":{"name":"(anonymous_7)","decl":{"start":{"line":23,"column":8},"end":{"line":23,"column":21}},"loc":{"start":{"line":24,"column":44},"end":{"line":27,"column":3}}},"4":{"name":"(anonymous_8)","decl":{"start":{"line":12,"column":9},"end":{"line":12,"column":12}},"loc":{"start":{"line":12,"column":15},"end":{"line":12,"column":24}}},"5":{"name":"(anonymous_9)","decl":{"start":{"line":17,"column":9},"end":{"line":17,"column":12}},"loc":{"start":{"line":17,"column":15},"end":{"line":17,"column":22}}},"6":{"name":"(anonymous_10)","decl":{"start":{"line":22,"column":12},"end":{"line":22,"column":15}},"loc":{"start":{"line":22,"column":18},"end":{"line":22,"column":25}}},"7":{"name":"(anonymous_11)","decl":{"start":{"line":8,"column":10},"end":{"line":8,"column":13}},"loc":{"start":{"line":8,"column":16},"end":{"line":8,"column":23}}}},"branchMap":{},"s":{"0":1,"1":1,"2":1,"3":1,"4":1,"5":17,"6":4,"7":4,"8":5,"9":1,"10":1,"11":0,"12":1,"13":0,"14":1,"15":0,"16":1,"17":2},"f":{"0":17,"1":4,"2":4,"3":5,"4":0,"5":0,"6":0,"7":2},"b":{}}
,"/home/leonid/nestjs/src/product/products-service.ts": {"path":"/home/leonid/nestjs/src/product/products-service.ts","statementMap":{"0":{"start":{"line":1,"column":0},"end":{"line":1,"column":44}},"1":{"start":{"line":2,"column":0},"end":{"line":2,"column":51}},"2":{"start":{"line":3,"column":0},"end":{"line":3,"column":37}},"3":{"start":{"line":4,"column":0},"end":{"line":4,"column":44}},"4":{"start":{"line":10,"column":7},"end":{"line":28,"column":null}},"5":{"start":{"line":13,"column":21},"end":{"line":13,"column":40}},"6":{"start":{"line":17,"column":4},"end":{"line":17,"column":41}},"7":{"start":{"line":21,"column":4},"end":{"line":21,"column":61}},"8":{"start":{"line":25,"column":23},"end":{"line":25,"column":61}},"9":{"start":{"line":26,"column":4},"end":{"line":26,"column":51}},"10":{"start":{"line":10,"column":13},"end":{"line":10,"column":27}},"11":{"start":{"line":10,"column":13},"end":{"line":28,"column":null}}},"fnMap":{"0":{"name":"(anonymous_4)","decl":{"start":{"line":11,"column":2},"end":{"line":11,"column":null}},"loc":{"start":{"line":13,"column":59},"end":{"line":14,"column":6}}},"1":{"name":"(anonymous_5)","decl":{"start":{"line":16,"column":2},"end":{"line":16,"column":13}},"loc":{"start":{"line":16,"column":13},"end":{"line":18,"column":3}}},"2":{"name":"(anonymous_6)","decl":{"start":{"line":20,"column":2},"end":{"line":20,"column":16}},"loc":{"start":{"line":20,"column":25},"end":{"line":22,"column":3}}},"3":{"name":"(anonymous_7)","decl":{"start":{"line":24,"column":2},"end":{"line":24,"column":15}},"loc":{"start":{"line":24,"column":41},"end":{"line":27,"column":3}}}},"branchMap":{},"s":{"0":2,"1":2,"2":2,"3":2,"4":2,"5":13,"6":3,"7":3,"8":5,"9":5,"10":2,"11":2},"f":{"0":13,"1":3,"2":3,"3":5},"b":{}}
,"/home/leonid/nestjs/src/product/dto/create-product-dto.ts": {"path":"/home/leonid/nestjs/src/product/dto/create-product-dto.ts","statementMap":{"0":{"start":{"line":1,"column":0},"end":{"line":1,"column":62}},"1":{"start":{"line":2,"column":0},"end":{"line":2,"column":73}},"2":{"start":{"line":6,"column":7},"end":{"line":26,"column":null}},"3":{"start":{"line":6,"column":13},"end":{"line":6,"column":29}},"4":{"start":{"line":10,"column":2},"end":{"line":10,"column":null}},"5":{"start":{"line":15,"column":2},"end":{"line":15,"column":null}},"6":{"start":{"line":20,"column":2},"end":{"line":20,"column":null}},"7":{"start":{"line":17,"column":15},"end":{"line":17,"column":20}},"8":{"start":{"line":25,"column":2},"end":{"line":25,"column":null}},"9":{"start":{"line":22,"column":15},"end":{"line":22,"column":17}},"10":{"start":{"line":6,"column":13},"end":{"line":26,"column":null}}},"fnMap":{"0":{"name":"(anonymous_2)","decl":{"start":{"line":17,"column":9},"end":{"line":17,"column":12}},"loc":{"start":{"line":17,"column":15},"end":{"line":17,"column":20}}},"1":{"name":"(anonymous_3)","decl":{"start":{"line":22,"column":9},"end":{"line":22,"column":12}},"loc":{"start":{"line":22,"column":15},"end":{"line":22,"column":17}}}},"branchMap":{},"s":{"0":1,"1":1,"2":1,"3":1,"4":1,"5":1,"6":1,"7":0,"8":1,"9":0,"10":1},"f":{"0":0,"1":0},"b":{}}
}
