TN:
SF:src/app.module.ts
FNF:0
FNH:0
DA:1,0
DA:2,0
DA:3,0
DA:4,0
DA:5,0
DA:6,0
DA:7,0
DA:8,0
DA:23,0
LF:9
LH:0
BRF:0
BRH:0
end_of_record
TN:
SF:src/main.ts
FN:4,bootstrap
FNF:1
FNH:0
FNDA:0,bootstrap
DA:1,0
DA:2,0
DA:5,0
DA:6,0
DA:9,0
LF:5
LH:0
BRDA:6,0,0,0
BRDA:6,0,1,0
BRF:2
BRH:0
end_of_record
TN:
SF:src/category/category-module.ts
FNF:0
FNH:0
DA:1,0
DA:2,0
DA:3,0
DA:4,0
DA:5,0
DA:12,0
LF:6
LH:0
BRF:0
BRH:0
end_of_record
TN:
SF:src/category/category-resolver.ts
FN:10,(anonymous_4)
FN:13,(anonymous_5)
FN:18,(anonymous_6)
FN:23,(anonymous_7)
FN:12,(anonymous_8)
FN:17,(anonymous_9)
FN:22,(anonymous_10)
FN:8,(anonymous_11)
FNF:8
FNH:5
FNDA:19,(anonymous_4)
FNDA:4,(anonymous_5)
FNDA:4,(anonymous_6)
FNDA:7,(anonymous_7)
FNDA:0,(anonymous_8)
FNDA:0,(anonymous_9)
FNDA:0,(anonymous_10)
FNDA:2,(anonymous_11)
DA:1,1
DA:3,1
DA:4,1
DA:5,1
DA:8,2
DA:9,1
DA:10,19
DA:12,0
DA:13,1
DA:14,4
DA:17,0
DA:18,1
DA:19,4
DA:22,0
DA:23,1
DA:26,7
LF:16
LH:13
BRF:0
BRH:0
end_of_record
TN:
SF:src/category/category-service.ts
FN:11,(anonymous_4)
FN:16,(anonymous_5)
FN:20,(anonymous_6)
FN:24,(anonymous_7)
FNF:4
FNH:4
FNDA:11,(anonymous_4)
FNDA:3,(anonymous_5)
FNDA:3,(anonymous_6)
FNDA:3,(anonymous_7)
DA:1,2
DA:2,2
DA:3,2
DA:4,2
DA:10,2
DA:13,11
DA:17,3
DA:21,3
DA:25,3
DA:26,3
LF:10
LH:10
BRF:0
BRH:0
end_of_record
TN:
SF:src/category/dto/create-category-dto.ts
FNF:0
FNH:0
DA:1,1
DA:2,1
DA:6,1
DA:10,1
LF:4
LH:4
BRF:0
BRH:0
end_of_record
TN:
SF:src/db/data-source.ts
FNF:0
FNH:0
DA:1,0
DA:2,0
DA:3,0
DA:4,0
DA:5,0
DA:6,0
DA:7,0
DA:8,0
DA:10,0
DA:28,0
LF:10
LH:0
BRF:0
BRH:0
end_of_record
TN:
SF:src/entity/Category.ts
FN:16,(anonymous_2)
FN:30,(anonymous_3)
FN:38,(anonymous_4)
FN:42,(anonymous_5)
FN:42,(anonymous_6)
FNF:5
FNH:0
FNDA:0,(anonymous_2)
FNDA:0,(anonymous_3)
FNDA:0,(anonymous_4)
FNDA:0,(anonymous_5)
FNDA:0,(anonymous_6)
DA:2,4
DA:10,4
DA:11,4
DA:15,4
DA:16,0
DA:18,4
DA:25,4
DA:30,0
DA:32,4
DA:38,0
DA:40,4
DA:42,0
DA:43,4
LF:13
LH:9
BRF:0
BRH:0
end_of_record
TN:
SF:src/entity/Product.ts
FN:17,(anonymous_2)
FN:45,(anonymous_3)
FN:53,(anonymous_4)
FN:57,(anonymous_5)
FN:61,(anonymous_6)
FN:61,(anonymous_7)
FNF:6
FNH:0
FNDA:0,(anonymous_2)
FNDA:0,(anonymous_3)
FNDA:0,(anonymous_4)
FNDA:0,(anonymous_5)
FNDA:0,(anonymous_6)
FNDA:0,(anonymous_7)
DA:2,4
DA:3,4
DA:12,4
DA:16,4
DA:17,0
DA:19,4
DA:26,4
DA:33,4
DA:39,4
DA:45,0
DA:47,4
DA:53,0
DA:55,4
DA:57,0
DA:59,4
DA:61,0
DA:66,4
LF:17
LH:12
BRF:0
BRH:0
end_of_record
TN:
SF:src/migration/1755094396184-create-categoryTable.ts
FN:4,(anonymous_0)
FN:16,(anonymous_1)
FNF:2
FNH:0
FNDA:0,(anonymous_0)
FNDA:0,(anonymous_1)
DA:3,0
DA:5,0
DA:17,0
LF:3
LH:0
BRF:0
BRH:0
end_of_record
TN:
SF:src/migration/1755094596185-create-productsTable.ts
FN:4,(anonymous_0)
FN:24,(anonymous_1)
FNF:2
FNH:0
FNDA:0,(anonymous_0)
FNDA:0,(anonymous_1)
DA:3,0
DA:5,0
DA:18,0
DA:25,0
DA:30,0
LF:5
LH:0
BRF:0
BRH:0
end_of_record
TN:
SF:src/product/product-module.ts
FNF:0
FNH:0
DA:1,0
DA:2,0
DA:3,0
DA:4,0
DA:5,0
DA:12,0
LF:6
LH:0
BRF:0
BRH:0
end_of_record
TN:
SF:src/product/products-resolver.ts
FN:10,(anonymous_4)
FN:13,(anonymous_5)
FN:18,(anonymous_6)
FN:23,(anonymous_7)
FN:12,(anonymous_8)
FN:17,(anonymous_9)
FN:22,(anonymous_10)
FN:8,(anonymous_11)
FNF:8
FNH:5
FNDA:17,(anonymous_4)
FNDA:4,(anonymous_5)
FNDA:4,(anonymous_6)
FNDA:5,(anonymous_7)
FNDA:0,(anonymous_8)
FNDA:0,(anonymous_9)
FNDA:0,(anonymous_10)
FNDA:2,(anonymous_11)
DA:1,1
DA:2,1
DA:3,1
DA:5,1
DA:8,2
DA:9,1
DA:10,17
DA:12,0
DA:13,1
DA:14,4
DA:17,0
DA:18,1
DA:19,4
DA:22,0
DA:23,1
DA:26,5
LF:16
LH:13
BRF:0
BRH:0
end_of_record
TN:
SF:src/product/products-service.ts
FN:11,(anonymous_4)
FN:16,(anonymous_5)
FN:20,(anonymous_6)
FN:24,(anonymous_7)
FNF:4
FNH:4
FNDA:13,(anonymous_4)
FNDA:3,(anonymous_5)
FNDA:3,(anonymous_6)
FNDA:5,(anonymous_7)
DA:1,2
DA:2,2
DA:3,2
DA:4,2
DA:10,2
DA:13,13
DA:17,3
DA:21,3
DA:25,5
DA:26,5
LF:10
LH:10
BRF:0
BRH:0
end_of_record
TN:
SF:src/product/dto/create-product-dto.ts
FN:17,(anonymous_2)
FN:22,(anonymous_3)
FNF:2
FNH:0
FNDA:0,(anonymous_2)
FNDA:0,(anonymous_3)
DA:1,1
DA:2,1
DA:6,1
DA:10,1
DA:15,1
DA:17,0
DA:20,1
DA:22,0
DA:25,1
LF:9
LH:7
BRF:0
BRH:0
end_of_record
